<?xml version="1.0" encoding="UTF-8"?>
<testng-results ignored="0" total="1" passed="0" failed="1" skipped="0">
  <reporter-output>
  </reporter-output>
  <suite started-at="2023-03-09T10:54:54Z" name="Suite" finished-at="2023-03-09T10:55:07Z" duration-ms="12918">
    <groups>
    </groups>
    <test started-at="2023-03-09T10:54:54Z" name="Test" finished-at="2023-03-09T10:55:07Z" duration-ms="12918">
      <class name="swl.SWL">
        <test-method is-config="true" signature="startDriver()[pri:0, instance:swl.SWL@5ddf0d24]" started-at="2023-03-09T16:24:54Z" name="startDriver" finished-at="2023-03-09T16:24:57Z" duration-ms="3554" status="PASS">
          <reporter-output>
          </reporter-output>
        </test-method> <!-- startDriver -->
        <test-method signature="fill_SWL()[pri:0, instance:swl.SWL@5ddf0d24]" started-at="2023-03-09T16:24:57Z" name="fill_SWL" finished-at="2023-03-09T16:25:06Z" duration-ms="9020" status="FAIL">
          <exception class="org.openqa.selenium.NoSuchWindowException">
            <message>
              <![CDATA[no such window: target window already closedfrom unknown error: web view not found  (Session info: MicrosoftEdge=110.0.1587.63)Build info: version: '4.1.4', revision: '535d840ee2'System info: host: 'ITEM-S138212', ip: '192.168.29.79', os.name: 'Windows 10', os.arch: 'amd64', os.version: '10.0', java.version: '17.0.2'Driver info: org.openqa.selenium.edge.EdgeDriverCommand: [1861a0d87e77793636480b1b89057d01, findElements {using=css selector, value=frame[name='fullscreen\-app\-host'],iframe[name='fullscreen\-app\-host']}]Capabilities {acceptInsecureCerts: false, browserName: msedge, browserVersion: 110.0.1587.63, javascriptEnabled: true, ms:edgeOptions: {debuggerAddress: localhost:65431}, msedge: {msedgedriverVersion: 110.0.1587.63 (b26c9b8fc01e..., userDataDir: C:\Program Files\scoped_dir...}, networkConnectionEnabled: false, pageLoadStrategy: normal, platform: WINDOWS, platformName: WINDOWS, proxy: Proxy(), se:cdp: ws://localhost:65431/devtoo..., se:cdpVersion: 110.0.1587.63, setWindowRect: true, strictFileInteractability: false, timeouts: {implicit: 0, pageLoad: 300000, script: 30000}, unhandledPromptBehavior: dismiss and notify, webauthn:extension:credBlob: true, webauthn:extension:largeBlob: true, webauthn:virtualAuthenticators: true}Session ID: 1861a0d87e77793636480b1b89057d01]]>
            </message>
            <full-stacktrace>
              <![CDATA[org.openqa.selenium.NoSuchWindowException: no such window: target window already closedfrom unknown error: web view not found  (Session info: MicrosoftEdge=110.0.1587.63)Build info: version: '4.1.4', revision: '535d840ee2'System info: host: 'ITEM-S138212', ip: '192.168.29.79', os.name: 'Windows 10', os.arch: 'amd64', os.version: '10.0', java.version: '17.0.2'Driver info: org.openqa.selenium.edge.EdgeDriverCommand: [1861a0d87e77793636480b1b89057d01, findElements {using=css selector, value=frame[name='fullscreen\-app\-host'],iframe[name='fullscreen\-app\-host']}]Capabilities {acceptInsecureCerts: false, browserName: msedge, browserVersion: 110.0.1587.63, javascriptEnabled: true, ms:edgeOptions: {debuggerAddress: localhost:65431}, msedge: {msedgedriverVersion: 110.0.1587.63 (b26c9b8fc01e..., userDataDir: C:\Program Files\scoped_dir...}, networkConnectionEnabled: false, pageLoadStrategy: normal, platform: WINDOWS, platformName: WINDOWS, proxy: Proxy(), se:cdp: ws://localhost:65431/devtoo..., se:cdpVersion: 110.0.1587.63, setWindowRect: true, strictFileInteractability: false, timeouts: {implicit: 0, pageLoad: 300000, script: 30000}, unhandledPromptBehavior: dismiss and notify, webauthn:extension:credBlob: true, webauthn:extension:largeBlob: true, webauthn:virtualAuthenticators: true}Session ID: 1861a0d87e77793636480b1b89057d01at java.base/jdk.internal.reflect.NativeConstructorAccessorImpl.newInstance0(Native Method)at java.base/jdk.internal.reflect.NativeConstructorAccessorImpl.newInstance(NativeConstructorAccessorImpl.java:77)at java.base/jdk.internal.reflect.DelegatingConstructorAccessorImpl.newInstance(DelegatingConstructorAccessorImpl.java:45)at java.base/java.lang.reflect.Constructor.newInstanceWithCaller(Constructor.java:499)at java.base/java.lang.reflect.Constructor.newInstance(Constructor.java:480)at org.openqa.selenium.remote.codec.w3c.W3CHttpResponseCodec.createException(W3CHttpResponseCodec.java:200)at org.openqa.selenium.remote.codec.w3c.W3CHttpResponseCodec.decode(W3CHttpResponseCodec.java:133)at org.openqa.selenium.remote.codec.w3c.W3CHttpResponseCodec.decode(W3CHttpResponseCodec.java:53)at org.openqa.selenium.remote.HttpCommandExecutor.execute(HttpCommandExecutor.java:184)at org.openqa.selenium.remote.service.DriverCommandExecutor.invokeExecute(DriverCommandExecutor.java:167)at org.openqa.selenium.remote.service.DriverCommandExecutor.execute(DriverCommandExecutor.java:142)at org.openqa.selenium.remote.RemoteWebDriver.execute(RemoteWebDriver.java:567)at org.openqa.selenium.remote.ElementLocation$ElementFinder$2.findElements(ElementLocation.java:179)at org.openqa.selenium.remote.ElementLocation.findElements(ElementLocation.java:102)at org.openqa.selenium.remote.RemoteWebDriver.findElements(RemoteWebDriver.java:400)at org.openqa.selenium.remote.RemoteWebDriver.findElements(RemoteWebDriver.java:392)at org.openqa.selenium.remote.RemoteWebDriver$RemoteTargetLocator.frame(RemoteWebDriver.java:1047)at pages.SWLPage.clickStart(SWLPage.java:34)at swl.SWL.fill_SWL(SWL.java:18)at java.base/jdk.internal.reflect.NativeMethodAccessorImpl.invoke0(Native Method)at java.base/jdk.internal.reflect.NativeMethodAccessorImpl.invoke(NativeMethodAccessorImpl.java:77)at java.base/jdk.internal.reflect.DelegatingMethodAccessorImpl.invoke(DelegatingMethodAccessorImpl.java:43)at java.base/java.lang.reflect.Method.invoke(Method.java:568)at org.testng.internal.MethodInvocationHelper.invokeMethod(MethodInvocationHelper.java:124)at org.testng.internal.Invoker.invokeMethod(Invoker.java:571)at org.testng.internal.Invoker.invokeTestMethod(Invoker.java:707)at org.testng.internal.Invoker.invokeTestMethods(Invoker.java:979)at org.testng.internal.TestMethodWorker.invokeTestMethods(TestMethodWorker.java:125)at org.testng.internal.TestMethodWorker.run(TestMethodWorker.java:109)at org.testng.TestRunner.privateRun(TestRunner.java:648)at org.testng.TestRunner.run(TestRunner.java:505)at org.testng.SuiteRunner.runTest(SuiteRunner.java:455)at org.testng.SuiteRunner.runSequentially(SuiteRunner.java:450)at org.testng.SuiteRunner.privateRun(SuiteRunner.java:415)at org.testng.SuiteRunner.run(SuiteRunner.java:364)at org.testng.SuiteRunnerWorker.runSuite(SuiteRunnerWorker.java:52)at org.testng.SuiteRunnerWorker.run(SuiteRunnerWorker.java:84)at org.testng.TestNG.runSuitesSequentially(TestNG.java:1187)at org.testng.TestNG.runSuitesLocally(TestNG.java:1116)at org.testng.TestNG.runSuites(TestNG.java:1028)at org.testng.TestNG.run(TestNG.java:996)at org.apache.maven.surefire.testng.TestNGExecutor.run(TestNGExecutor.java:281)at org.apache.maven.surefire.testng.TestNGXmlTestSuite.execute(TestNGXmlTestSuite.java:75)at org.apache.maven.surefire.testng.TestNGProvider.invoke(TestNGProvider.java:121)at org.apache.maven.surefire.booter.ForkedBooter.invokeProviderInSameClassLoader(ForkedBooter.java:290)at org.apache.maven.surefire.booter.ForkedBooter.runSuitesInProcess(ForkedBooter.java:242)at org.apache.maven.surefire.booter.ForkedBooter.main(ForkedBooter.java:121)]]>
            </full-stacktrace>
          </exception> <!-- org.openqa.selenium.NoSuchWindowException -->
          <reporter-output>
          </reporter-output>
        </test-method> <!-- fill_SWL -->
        <test-method is-config="true" signature="quitDriver()[pri:0, instance:swl.SWL@5ddf0d24]" started-at="2023-03-09T16:25:06Z" name="quitDriver" finished-at="2023-03-09T16:25:07Z" duration-ms="324" status="PASS">
          <reporter-output>
          </reporter-output>
        </test-method> <!-- quitDriver -->
      </class> <!-- swl.SWL -->
    </test> <!-- Test -->
  </suite> <!-- Suite -->
</testng-results>
