<?xml version="1.0" encoding="UTF-8"?>
<testng-results ignored="0" total="1" passed="1" failed="0" skipped="0">
  <reporter-output>
  </reporter-output>
  <suite started-at="2023-04-04T05:35:21Z" name="Default suite" finished-at="2023-04-04T05:35:52Z" duration-ms="31029">
    <groups>
    </groups>
    <test started-at="2023-04-04T05:35:21Z" name="Default test" finished-at="2023-04-04T05:35:52Z" duration-ms="31029">
      <class name="swl.SWL">
        <test-method is-config="true" signature="startDriver()[pri:0, instance:swl.SWL@8c3619e]" started-at="2023-04-04T11:05:21Z" name="startDriver" finished-at="2023-04-04T11:05:26Z" duration-ms="4124" status="PASS">
          <reporter-output>
          </reporter-output>
        </test-method> <!-- startDriver -->
        <test-method signature="fill_SWL()[pri:0, instance:swl.SWL@8c3619e]" started-at="2023-04-04T11:05:26Z" name="fill_SWL" finished-at="2023-04-04T11:05:52Z" duration-ms="26431" status="PASS">
          <reporter-output>
          </reporter-output>
        </test-method> <!-- fill_SWL -->
        <test-method is-config="true" signature="quitDriver()[pri:0, instance:swl.SWL@8c3619e]" started-at="2023-04-04T11:05:52Z" name="quitDriver" finished-at="2023-04-04T11:05:52Z" duration-ms="450" status="PASS">
          <reporter-output>
          </reporter-output>
        </test-method> <!-- quitDriver -->
      </class> <!-- swl.SWL -->
    </test> <!-- Default test -->
  </suite> <!-- Default suite -->
</testng-results>
