<?xml version="1.0" encoding="UTF-8"?>
<testng-results ignored="0" total="1" passed="1" failed="0" skipped="0">
  <reporter-output>
  </reporter-output>
  <suite started-at="2023-03-02T05:04:53Z" name="Default suite" finished-at="2023-03-02T05:05:21Z" duration-ms="28269">
    <groups>
    </groups>
    <test started-at="2023-03-02T05:04:53Z" name="Default test" finished-at="2023-03-02T05:05:21Z" duration-ms="28269">
      <class name="swl.SWL">
        <test-method is-config="true" signature="startDriver()[pri:0, instance:swl.SWL@46dffdc3]" started-at="2023-03-02T10:34:53Z" name="startDriver" finished-at="2023-03-02T10:34:57Z" duration-ms="4078" status="PASS">
          <reporter-output>
          </reporter-output>
        </test-method> <!-- startDriver -->
        <test-method signature="fill_SWL()[pri:0, instance:swl.SWL@46dffdc3]" started-at="2023-03-02T10:34:57Z" name="fill_SWL" finished-at="2023-03-02T10:35:21Z" duration-ms="24062" status="PASS">
          <reporter-output>
          </reporter-output>
        </test-method> <!-- fill_SWL -->
        <test-method is-config="true" signature="quitDriver()[pri:0, instance:swl.SWL@46dffdc3]" started-at="2023-03-02T10:35:21Z" name="quitDriver" finished-at="2023-03-02T10:35:21Z" duration-ms="106" status="PASS">
          <reporter-output>
          </reporter-output>
        </test-method> <!-- quitDriver -->
      </class> <!-- swl.SWL -->
    </test> <!-- Default test -->
  </suite> <!-- Default suite -->
</testng-results>
